
> @zapninja/shared@1.0.0 build /Users/rafaelcarboni/Documents/ZAPNINJA/packages/shared
> tsup src/index.ts --format cjs,esm --dts

CLI Building entry: src/index.ts
CLI Using tsconfig: tsconfig.json
CLI tsup v8.5.0
CLI Target: es2020
CJS Build start
ESM Build start

 WARN  [33m▲ [43;33m[[43;30mWARNING[43;33m][0m [1mThe condition "types" here will never be used as it comes after both "import" and "require"[0m [package.json]

    package.json:20:6:
[37m      20 │       [32m"types"[37m: "./dist/index.d.ts"
         ╵       [32m~~~~~~~[0m

  The "import" condition comes earlier and will be used for all "import" statements:

    package.json:18:6:
[37m      18 │       [32m"import"[37m: "./dist/index.mjs",
         ╵       [32m~~~~~~~~[0m

  The "require" condition comes earlier and will be used for all "require" calls:

    package.json:19:6:
[37m      19 │       [32m"require"[37m: "./dist/index.js",
         ╵       [32m~~~~~~~~~[0m



ESM dist/index.mjs 15.44 KB
ESM ⚡️ Build success in 1007ms

 WARN  [33m▲ [43;33m[[43;30mWARNING[43;33m][0m [1mThe condition "types" here will never be used as it comes after both "import" and "require"[0m [package.json]

    package.json:20:6:
[37m      20 │       [32m"types"[37m: "./dist/index.d.ts"
         ╵       [32m~~~~~~~[0m

  The "import" condition comes earlier and will be used for all "import" statements:

    package.json:18:6:
[37m      18 │       [32m"import"[37m: "./dist/index.mjs",
         ╵       [32m~~~~~~~~[0m

  The "require" condition comes earlier and will be used for all "require" calls:

    package.json:19:6:
[37m      19 │       [32m"require"[37m: "./dist/index.js",
         ╵       [32m~~~~~~~~~[0m



CJS dist/index.js 20.39 KB
CJS ⚡️ Build success in 1023ms
DTS Build start
