You have triggered an unhandledRejection, you may have forgotten to catch a Promise rejection:
Error: GEMINI_KEY não encontrada no arquivo .env
    at Object.<anonymous> (/Users/rafaelcarboni/Downloads/zap-gpt-free-main-bruna/dist/index.cjs:189:9)
    at Module._compile (node:internal/modules/cjs/loader:1692:14)
    at Object..js (node:internal/modules/cjs/loader:1824:10)
    at Module.load (node:internal/modules/cjs/loader:1427:32)
    at Module._load (node:internal/modules/cjs/loader:1250:12)
    at TracingChannel.traceSync (node:diagnostics_channel:322:14)
    at wrapModuleLoad (node:internal/modules/cjs/loader:235:24)
    at cjsLoader (node:internal/modules/esm/translators:316:5)
    at ModuleWrap.<anonymous> (node:internal/modules/esm/translators:208:7)
    at ModuleJob.run (node:internal/modules/esm/module_job:365:25)
You have triggered an unhandledRejection, you may have forgotten to catch a Promise rejection:
Error: GEMINI_KEY não encontrada no arquivo .env
    at Object.<anonymous> (/Users/rafaelcarboni/Downloads/zap-gpt-free-main-bruna/dist/index.cjs:189:9)
    at Module._compile (node:internal/modules/cjs/loader:1692:14)
    at Object..js (node:internal/modules/cjs/loader:1824:10)
    at Module.load (node:internal/modules/cjs/loader:1427:32)
    at Module._load (node:internal/modules/cjs/loader:1250:12)
    at TracingChannel.traceSync (node:diagnostics_channel:322:14)
    at wrapModuleLoad (node:internal/modules/cjs/loader:235:24)
    at cjsLoader (node:internal/modules/esm/translators:316:5)
    at ModuleWrap.<anonymous> (node:internal/modules/esm/translators:208:7)
    at ModuleJob.run (node:internal/modules/esm/module_job:365:25)
