You have triggered an unhandledRejection, you may have forgotten to catch a Promise rejection:
Error: GEMINI_KEY n達o encontrada no arquivo .env
    at Object.<anonymous> (/Users/rafaelcarboni/Downloads/zap-gpt-free-main-bruna/dist/index.cjs:189:9)
    at Module._compile (node:internal/modules/cjs/loader:1692:14)
    at Object..js (node:internal/modules/cjs/loader:1824:10)
    at Module.load (node:internal/modules/cjs/loader:1427:32)
    at Module._load (node:internal/modules/cjs/loader:1250:12)
    at TracingChannel.traceSync (node:diagnostics_channel:322:14)
    at wrapModuleLoad (node:internal/modules/cjs/loader:235:24)
    at cjsLoader (node:internal/modules/esm/translators:316:5)
    at ModuleWrap.<anonymous> (node:internal/modules/esm/translators:208:7)
    at ModuleJob.run (node:internal/modules/esm/module_job:365:25)
{"message":"\u001b[31merror\u001b[39m:    Unhandled Rejection: Error: GEMINI_KEY n達o encontrada no arquivo .env\n    at Object.<anonymous> (/Users/rafaelcarboni/Downloads/zap-gpt-free-main-bruna/dist/index.cjs:189:9)\n    at Module._compile (node:internal/modules/cjs/loader:1692:14)\n    at Object..js (node:internal/modules/cjs/loader:1824:10)\n    at Module.load (node:internal/modules/cjs/loader:1427:32)\n    at Module._load (node:internal/modules/cjs/loader:1250:12)\n    at TracingChannel.traceSync (node:diagnostics_channel:322:14)\n    at wrapModuleLoad (node:internal/modules/cjs/loader:235:24)\n    at cjsLoader (node:internal/modules/esm/translators:316:5)\n    at ModuleWrap.<anonymous> (node:internal/modules/esm/translators:208:7)\n    at ModuleJob.run (node:internal/modules/esm/module_job:365:25)\n","timestamp":"2025-09-02T21:39:00","type":"out","process_id":19,"app_name":"whatsapp-master"}
You have triggered an unhandledRejection, you may have forgotten to catch a Promise rejection:
Error: GEMINI_KEY n達o encontrada no arquivo .env
    at Object.<anonymous> (/Users/rafaelcarboni/Downloads/zap-gpt-free-main-bruna/dist/index.cjs:189:9)
    at Module._compile (node:internal/modules/cjs/loader:1692:14)
    at Object..js (node:internal/modules/cjs/loader:1824:10)
    at Module.load (node:internal/modules/cjs/loader:1427:32)
    at Module._load (node:internal/modules/cjs/loader:1250:12)
    at TracingChannel.traceSync (node:diagnostics_channel:322:14)
    at wrapModuleLoad (node:internal/modules/cjs/loader:235:24)
    at cjsLoader (node:internal/modules/esm/translators:316:5)
    at ModuleWrap.<anonymous> (node:internal/modules/esm/translators:208:7)
    at ModuleJob.run (node:internal/modules/esm/module_job:365:25)
{"message":"\u001b[31merror\u001b[39m:    Unhandled Rejection: Error: GEMINI_KEY n達o encontrada no arquivo .env\n    at Object.<anonymous> (/Users/rafaelcarboni/Downloads/zap-gpt-free-main-bruna/dist/index.cjs:189:9)\n    at Module._compile (node:internal/modules/cjs/loader:1692:14)\n    at Object..js (node:internal/modules/cjs/loader:1824:10)\n    at Module.load (node:internal/modules/cjs/loader:1427:32)\n    at Module._load (node:internal/modules/cjs/loader:1250:12)\n    at TracingChannel.traceSync (node:diagnostics_channel:322:14)\n    at wrapModuleLoad (node:internal/modules/cjs/loader:235:24)\n    at cjsLoader (node:internal/modules/esm/translators:316:5)\n    at ModuleWrap.<anonymous> (node:internal/modules/esm/translators:208:7)\n    at ModuleJob.run (node:internal/modules/esm/module_job:365:25)\n","timestamp":"2025-09-02T21:41:01","type":"out","process_id":19,"app_name":"whatsapp-master"}
